
Showing logs for build [32mcb-kubecd-environment-pr-177-98-mvddz-1[0m stage [32mfrom-build-pack[0m and container [32mstep-credential-initializer-9hjhh[0m
{"level":"warn","ts":1583722105.3184283,"logger":"fallback-logger","caller":"logging/config.go:69","msg":"Fetch GitHub commit ID from kodata failed: \"ref: refs/heads/0.8.0-**-support-backwards-incompats\" is not a valid GitHub commit ID"}
{"level":"info","ts":1583722105.3192258,"logger":"fallback-logger","caller":"creds-init/main.go:40","msg":"Credentials initialized."}

Showing logs for build [32mcb-kubecd-environment-pr-177-98-mvddz-1[0m stage [32mfrom-build-pack[0m and container [32mstep-working-dir-initializer-v7qgf[0m
{"level":"warn","ts":1583722106.6809006,"logger":"fallback-logger","caller":"logging/config.go:69","msg":"Fetch GitHub commit ID from kodata failed: open /var/run/ko/HEAD: no such file or directory"}
{"level":"info","ts":1583722106.6831331,"logger":"fallback-logger","caller":"bash/main.go:64","msg":"Successfully executed command \"sh -c mkdir -p /workspace/source\"; output "}

Showing logs for build [32mcb-kubecd-environment-pr-177-98-mvddz-1[0m stage [32mfrom-build-pack[0m and container [32mstep-place-tools[0m

Showing logs for build [32mcb-kubecd-environment-pr-177-98-mvddz-1[0m stage [32mfrom-build-pack[0m and container [32mstep-git-source-cb-kubecd-environment-pr-177-98-mvddz-wxm4b[0m
{"level":"warn","ts":1583722134.790978,"logger":"fallback-logger","caller":"logging/config.go:69","msg":"Fetch GitHub commit ID from kodata failed: \"ref: refs/heads/0.8.0-**-support-backwards-incompats\" is not a valid GitHub commit ID"}
{"level":"info","ts":1583722135.8668432,"logger":"fallback-logger","caller":"git/git.go:103","msg":"Successfully cloned https://github.com/cb-kubecd/environment-pr-177-98-boot-vault-gke-staging.git @ master in path /workspace/source"}

Showing logs for build [32mcb-kubecd-environment-pr-177-98-mvddz-1[0m stage [32mfrom-build-pack[0m and container [32mstep-git-merge[0m
Using SHAs from PULL_REFS=master:3a108d84e0dbee782e5dcbee7aaefd75090ee1ea,1:a52ae0a3a978e4ee47148c3108378014f66ca212
DEBUG: LC_ALL=C JX_LOG_LEVEL=error git fetch origin --unshallow a52ae0a3a978e4ee47148c3108378014f66ca212: 3a108d84e0dbee782e5dcbee7aaefd75090ee1ea:
DEBUG: ran git fetch --unshallow origin a52ae0a3a978e4ee47148c3108378014f66ca212: 3a108d84e0dbee782e5dcbee7aaefd75090ee1ea: in 
DEBUG: LC_ALL=C JX_LOG_LEVEL=error git branch
DEBUG: LC_ALL=C JX_LOG_LEVEL=error git checkout master
DEBUG: ran git checkout master in 
DEBUG: LC_ALL=C JX_LOG_LEVEL=error git reset --hard 3a108d84e0dbee782e5dcbee7aaefd75090ee1ea
DEBUG: ran git reset --hard 3a108d84e0dbee782e5dcbee7aaefd75090ee1ea in 
DEBUG: LC_ALL=C JX_LOG_LEVEL=error git clean -fd .
DEBUG: ran clean --force -d . in 
DEBUG: LC_ALL=C JX_LOG_LEVEL=error git merge a52ae0a3a978e4ee47148c3108378014f66ca212
DEBUG: ran git merge a52ae0a3a978e4ee47148c3108378014f66ca212 in 
DEBUG: JX_LOG_LEVEL=error LC_ALL=C git log --format=%H%x1f%an%x1f%ae%x1f%cn%x1f%ce%x1f%s%n%b%x1e 3a108d84e0dbee782e5dcbee7aaefd75090ee1ea..HEAD
Merged SHA a52ae0a3a978e4ee47148c3108378014f66ca212 with commit message 'chore: Promote bdd-spring-1583721764 to version 0.0.1' into base branch master

Showing logs for build [32mcb-kubecd-environment-pr-177-98-mvddz-1[0m stage [32mfrom-build-pack[0m and container [32mstep-build-helm-build[0m
WARNING: No $CHART_REPOSITORY defined so using the default value of: http://jenkins-x-chartmuseum:8080
Adding missing Helm repo: storage.googleapis.com https://storage.googleapis.com/chartmuseum.jenkins-x.io
WARNING: No secrets found on "helm/repos" due: reading the secret "helm/repos" from vault: no secret "helm/repos" not found in vault
Read credentials for https://storage.googleapis.com/chartmuseum.jenkins-x.io from vault helm/repos
Successfully added Helm repository storage.googleapis.com.
Adding missing Helm repo: jenkins-x-chartmuseum http://jenkins-x-chartmuseum:8080
WARNING: No secrets found on "helm/repos" due: reading the secret "helm/repos" from vault: no secret "helm/repos" not found in vault
Read credentials for http://jenkins-x-chartmuseum:8080 from vault helm/repos
Successfully added Helm repository jenkins-x-chartmuseum.
WARNING: No $CHART_REPOSITORY defined so using the default value of: http://jenkins-x-chartmuseum:8080
Adding missing Helm repo: chartmuseum.jenkins-x.io http://chartmuseum.jenkins-x.io
WARNING: No secrets found on "helm/repos" due: reading the secret "helm/repos" from vault: no secret "helm/repos" not found in vault
Read credentials for http://chartmuseum.jenkins-x.io from vault helm/repos
Successfully added Helm repository chartmuseum.jenkins-x.io.
